<?xml version="1.0" encoding="UTF-8"?>
<testng-results skipped="0" failed="0" ignored="4" total="6" passed="2">
  <reporter-output>
  </reporter-output>
  <suite name="Test_Automation_Master_Project" duration-ms="11162" started-at="2020-03-23T14:51:08Z" finished-at="2020-03-23T14:51:19Z">
    <groups>
    </groups>
    <test name="BCV Tests" duration-ms="11162" started-at="2020-03-23T14:51:08Z" finished-at="2020-03-23T14:51:19Z">
      <class name="testCases.LoginTest">
        <test-method status="PASS" signature="processes(java.lang.String, java.lang.String, java.lang.String)[pri:0, instance:testCases.LoginTest@6acdbdf5]" name="processes" duration-ms="8690" started-at="2020-03-23T14:51:09Z" data-provider="testDataFeed" finished-at="2020-03-23T14:51:18Z">
          <params>
            <param index="0">
              <value>
                <![CDATA[https://testing.bconview.com/login]]>
              </value>
            </param>
            <param index="1">
              <value>
                <![CDATA[hernano]]>
              </value>
            </param>
            <param index="2">
              <value>
                <![CDATA[Test2001!]]>
              </value>
            </param>
          </params>
          <reporter-output>
          </reporter-output>
        </test-method> <!-- processes -->
      </class> <!-- testCases.LoginTest -->
      <class name="testCases.LogoutTest">
        <test-method status="PASS" signature="processes()[pri:0, instance:testCases.LogoutTest@4b1c1ea0]" name="processes" duration-ms="1124" started-at="2020-03-23T14:51:18Z" finished-at="2020-03-23T14:51:19Z">
          <reporter-output>
          </reporter-output>
        </test-method> <!-- processes -->
      </class> <!-- testCases.LogoutTest -->
      <class name="testCases.TestBase">
        <test-method status="PASS" signature="initialize()[pri:0, instance:testCases.TestBase@15d0c81b]" name="initialize" is-config="true" duration-ms="11213" started-at="2020-03-23T14:50:57Z" finished-at="2020-03-23T14:51:08Z">
          <reporter-output>
          </reporter-output>
        </test-method> <!-- initialize -->
        <test-method status="PASS" signature="TeardownTest()[pri:0, instance:testCases.TestBase@15d0c81b]" name="TeardownTest" is-config="true" duration-ms="759" started-at="2020-03-23T14:51:19Z" finished-at="2020-03-23T14:51:20Z">
          <reporter-output>
          </reporter-output>
        </test-method> <!-- TeardownTest -->
      </class> <!-- testCases.TestBase -->
    </test> <!-- BCV Tests -->
  </suite> <!-- Test_Automation_Master_Project -->
</testng-results>
