<?xml version="1.0" encoding="UTF-8"?>
<!-- Generated by org.testng.reporters.JUnitXMLReporter -->
<testsuite hostname="OlivaGallo-PC" ignored="12" name="BCV Tests" tests="8" failures="0" timestamp="25 Mar 2020 18:26:00 GMT" time="49.792" errors="0">
  <testcase name="requestMethodGet" time="1.559" classname="testCases.APItests"/>
  <testcase name="requestMethodPost" time="0.863" classname="testCases.APItests"/>
  <testcase name="processes" time="8.376" classname="testCases.LoginTest"/>
  <testcase name="processes" time="9.464" classname="testCases.CreateNewGroupTest"/>
  <testcase name="processes" time="11.717" classname="testCases.AddRoleToGroupTest"/>
  <testcase name="processes" time="6.779" classname="testCases.RemoveRoleFromGroupTest"/>
  <testcase name="processes" time="9.787" classname="testCases.DeleteGroupTest"/>
  <testcase name="processes" time="0.514" classname="testCases.LogoutTest"/>
  <testcase name="@BeforeSuite initialize" time="0.0" classname="testCases.TestBase">
    <ignored/>
  </testcase> <!-- @BeforeSuite initialize -->
  <testcase name="@BeforeSuite initialize" time="0.0" classname="testCases.TestBase">
    <ignored/>
  </testcase> <!-- @BeforeSuite initialize -->
  <testcase name="@BeforeSuite initialize" time="0.0" classname="testCases.TestBase">
    <ignored/>
  </testcase> <!-- @BeforeSuite initialize -->
  <testcase name="@BeforeSuite initialize" time="0.0" classname="testCases.TestBase">
    <ignored/>
  </testcase> <!-- @BeforeSuite initialize -->
  <testcase name="@BeforeSuite initialize" time="0.0" classname="testCases.TestBase">
    <ignored/>
  </testcase> <!-- @BeforeSuite initialize -->
  <testcase name="@BeforeSuite initialize" time="0.0" classname="testCases.TestBase">
    <ignored/>
  </testcase> <!-- @BeforeSuite initialize -->
  <testcase name="@AfterSuite TeardownTest" time="0.0" classname="testCases.TestBase">
    <ignored/>
  </testcase> <!-- @AfterSuite TeardownTest -->
  <testcase name="@AfterSuite TeardownTest" time="0.0" classname="testCases.TestBase">
    <ignored/>
  </testcase> <!-- @AfterSuite TeardownTest -->
  <testcase name="@AfterSuite TeardownTest" time="0.0" classname="testCases.TestBase">
    <ignored/>
  </testcase> <!-- @AfterSuite TeardownTest -->
  <testcase name="@AfterSuite TeardownTest" time="0.0" classname="testCases.TestBase">
    <ignored/>
  </testcase> <!-- @AfterSuite TeardownTest -->
  <testcase name="@AfterSuite TeardownTest" time="0.0" classname="testCases.TestBase">
    <ignored/>
  </testcase> <!-- @AfterSuite TeardownTest -->
  <testcase name="@AfterSuite TeardownTest" time="0.0" classname="testCases.TestBase">
    <ignored/>
  </testcase> <!-- @AfterSuite TeardownTest -->
</testsuite> <!-- BCV Tests -->
