<?xml version="1.0" encoding="UTF-8"?>
<testng-results skipped="0" failed="0" ignored="12" total="20" passed="8">
  <reporter-output>
  </reporter-output>
  <suite name="Test_Automation_Master_Project" duration-ms="49792" started-at="2020-03-25T18:25:10Z" finished-at="2020-03-25T18:26:00Z">
    <groups>
    </groups>
    <test name="BCV Tests" duration-ms="49792" started-at="2020-03-25T18:25:10Z" finished-at="2020-03-25T18:26:00Z">
      <class name="testCases.APItests">
        <test-method status="PASS" signature="requestMethodGet()[pri:0, instance:testCases.APItests@4fb64261]" name="requestMethodGet" duration-ms="1559" started-at="2020-03-25T18:25:10Z" finished-at="2020-03-25T18:25:11Z">
          <reporter-output>
          </reporter-output>
        </test-method> <!-- requestMethodGet -->
        <test-method status="PASS" signature="requestMethodPost()[pri:0, instance:testCases.APItests@4fb64261]" name="requestMethodPost" duration-ms="863" started-at="2020-03-25T18:25:11Z" finished-at="2020-03-25T18:25:12Z">
          <reporter-output>
          </reporter-output>
        </test-method> <!-- requestMethodPost -->
      </class> <!-- testCases.APItests -->
      <class name="testCases.LogoutTest">
        <test-method status="PASS" signature="processes()[pri:0, instance:testCases.LogoutTest@6ec8211c]" name="processes" duration-ms="514" started-at="2020-03-25T18:25:59Z" finished-at="2020-03-25T18:26:00Z">
          <reporter-output>
          </reporter-output>
        </test-method> <!-- processes -->
      </class> <!-- testCases.LogoutTest -->
      <class name="testCases.LoginTest">
        <test-method status="PASS" signature="processes(java.lang.String, java.lang.String, java.lang.String)[pri:0, instance:testCases.LoginTest@42607a4f]" name="processes" duration-ms="8376" started-at="2020-03-25T18:25:13Z" data-provider="testDataFeed" finished-at="2020-03-25T18:25:21Z">
          <params>
            <param index="0">
              <value>
                <![CDATA[https://testing.bconview.com/login]]>
              </value>
            </param>
            <param index="1">
              <value>
                <![CDATA[hernano]]>
              </value>
            </param>
            <param index="2">
              <value>
                <![CDATA[Test2001!]]>
              </value>
            </param>
          </params>
          <reporter-output>
          </reporter-output>
        </test-method> <!-- processes -->
      </class> <!-- testCases.LoginTest -->
      <class name="testCases.RemoveRoleFromGroupTest">
        <test-method status="PASS" signature="processes()[pri:0, instance:testCases.RemoveRoleFromGroupTest@64485a47]" name="processes" duration-ms="6779" started-at="2020-03-25T18:25:42Z" finished-at="2020-03-25T18:25:49Z">
          <reporter-output>
          </reporter-output>
        </test-method> <!-- processes -->
      </class> <!-- testCases.RemoveRoleFromGroupTest -->
      <class name="testCases.AddRoleToGroupTest">
        <test-method status="PASS" signature="processes()[pri:0, instance:testCases.AddRoleToGroupTest@1990a65e]" name="processes" duration-ms="11717" started-at="2020-03-25T18:25:31Z" finished-at="2020-03-25T18:25:42Z">
          <reporter-output>
          </reporter-output>
        </test-method> <!-- processes -->
      </class> <!-- testCases.AddRoleToGroupTest -->
      <class name="testCases.DeleteGroupTest">
        <test-method status="PASS" signature="processes()[pri:0, instance:testCases.DeleteGroupTest@25bbf683]" name="processes" duration-ms="9787" started-at="2020-03-25T18:25:49Z" finished-at="2020-03-25T18:25:59Z">
          <reporter-output>
          </reporter-output>
        </test-method> <!-- processes -->
      </class> <!-- testCases.DeleteGroupTest -->
      <class name="testCases.TestBase">
        <test-method status="PASS" signature="initialize()[pri:0, instance:testCases.TestBase@18bf3d14]" name="initialize" is-config="true" duration-ms="10156" started-at="2020-03-25T18:25:00Z" finished-at="2020-03-25T18:25:10Z">
          <reporter-output>
          </reporter-output>
        </test-method> <!-- initialize -->
        <test-method status="PASS" signature="TeardownTest()[pri:0, instance:testCases.TestBase@18bf3d14]" name="TeardownTest" is-config="true" duration-ms="728" started-at="2020-03-25T18:26:00Z" finished-at="2020-03-25T18:26:00Z">
          <reporter-output>
          </reporter-output>
        </test-method> <!-- TeardownTest -->
      </class> <!-- testCases.TestBase -->
      <class name="testCases.CreateNewGroupTest">
        <test-method status="PASS" signature="processes()[pri:0, instance:testCases.CreateNewGroupTest@782663d3]" name="processes" duration-ms="9464" started-at="2020-03-25T18:25:21Z" finished-at="2020-03-25T18:25:31Z">
          <reporter-output>
          </reporter-output>
        </test-method> <!-- processes -->
      </class> <!-- testCases.CreateNewGroupTest -->
    </test> <!-- BCV Tests -->
  </suite> <!-- Test_Automation_Master_Project -->
</testng-results>
