<?xml version="1.0" encoding="UTF-8"?>
<!-- Generated by org.testng.reporters.JUnitXMLReporter -->
<testsuite hostname="OlivaGallo-PC" ignored="10" name="BCV Tests" tests="7" failures="0" timestamp="25 Mar 2020 16:04:32 GMT" time="48.606" errors="0">
  <testcase name="requestMethodGet" time="1.639" classname="testCases.APItests"/>
  <testcase name="requestMethodPost" time="0.701" classname="testCases.APItests"/>
  <testcase name="processes" time="9.078" classname="testCases.LoginTest"/>
  <testcase name="processes" time="10.296" classname="testCases.OrganizationSetupTest"/>
  <testcase name="processes" time="9.329" classname="testCases.CreateNewGroupTest"/>
  <testcase name="processes" time="9.283" classname="testCases.DeleteGroupTest"/>
  <testcase name="processes" time="1.053" classname="testCases.LogoutTest"/>
  <testcase name="@BeforeSuite initialize" time="0.0" classname="testCases.TestBase">
    <ignored/>
  </testcase> <!-- @BeforeSuite initialize -->
  <testcase name="@BeforeSuite initialize" time="0.0" classname="testCases.TestBase">
    <ignored/>
  </testcase> <!-- @BeforeSuite initialize -->
  <testcase name="@BeforeSuite initialize" time="0.0" classname="testCases.TestBase">
    <ignored/>
  </testcase> <!-- @BeforeSuite initialize -->
  <testcase name="@BeforeSuite initialize" time="0.0" classname="testCases.TestBase">
    <ignored/>
  </testcase> <!-- @BeforeSuite initialize -->
  <testcase name="@BeforeSuite initialize" time="0.0" classname="testCases.TestBase">
    <ignored/>
  </testcase> <!-- @BeforeSuite initialize -->
  <testcase name="@AfterSuite TeardownTest" time="0.0" classname="testCases.TestBase">
    <ignored/>
  </testcase> <!-- @AfterSuite TeardownTest -->
  <testcase name="@AfterSuite TeardownTest" time="0.0" classname="testCases.TestBase">
    <ignored/>
  </testcase> <!-- @AfterSuite TeardownTest -->
  <testcase name="@AfterSuite TeardownTest" time="0.0" classname="testCases.TestBase">
    <ignored/>
  </testcase> <!-- @AfterSuite TeardownTest -->
  <testcase name="@AfterSuite TeardownTest" time="0.0" classname="testCases.TestBase">
    <ignored/>
  </testcase> <!-- @AfterSuite TeardownTest -->
  <testcase name="@AfterSuite TeardownTest" time="0.0" classname="testCases.TestBase">
    <ignored/>
  </testcase> <!-- @AfterSuite TeardownTest -->
</testsuite> <!-- BCV Tests -->
