<?xml version="1.0" encoding="UTF-8"?>
<!-- Generated by org.testng.reporters.JUnitXMLReporter -->
<testsuite hostname="OlivaGallo-PC" ignored="4" name="BCV Tests" tests="2" failures="0" timestamp="23 Mar 2020 14:51:19 GMT" time="11.162" errors="0">
  <testcase name="processes" time="8.69" classname="testCases.LoginTest"/>
  <testcase name="processes" time="1.124" classname="testCases.LogoutTest"/>
  <testcase name="@BeforeSuite initialize" time="0.0" classname="testCases.TestBase">
    <ignored/>
  </testcase> <!-- @BeforeSuite initialize -->
  <testcase name="@BeforeSuite initialize" time="0.0" classname="testCases.TestBase">
    <ignored/>
  </testcase> <!-- @BeforeSuite initialize -->
  <testcase name="@AfterSuite TeardownTest" time="0.0" classname="testCases.TestBase">
    <ignored/>
  </testcase> <!-- @AfterSuite TeardownTest -->
  <testcase name="@AfterSuite TeardownTest" time="0.0" classname="testCases.TestBase">
    <ignored/>
  </testcase> <!-- @AfterSuite TeardownTest -->
</testsuite> <!-- BCV Tests -->
