<?xml version="1.0" encoding="UTF-8"?>
<!-- Generated by org.testng.reporters.JUnitXMLReporter -->
<testsuite hostname="OlivaGallo-PC" ignored="0" name="Case_1" tests="5" failures="0" timestamp="29 Jul 2019 16:42:10 GMT" time="12.063" errors="0">
  <testcase name="Login" time="0.0" classname="case_1.Case_1_Test">
    <skipped/>
  </testcase> <!-- Login -->
  <testcase name="Community" time="0.0" classname="case_1.Case_1_Test">
    <skipped/>
  </testcase> <!-- Community -->
  <testcase name="Blog" time="0.0" classname="case_1.Case_1_Test">
    <skipped/>
  </testcase> <!-- Blog -->
  <testcase name="ST" time="0.0" classname="case_1.Case_1_Test">
    <skipped/>
  </testcase> <!-- ST -->
  <testcase name="TSIQ" time="0.0" classname="case_1.Case_1_Test">
    <skipped/>
  </testcase> <!-- TSIQ -->
</testsuite> <!-- Case_1 -->
